[ 12-Dec-2019 10:45:59 PM ] - Array
(
    [ajax_url] => http://wp.devel/wp-admin/admin-ajax.php
    [message_no_data] => No data to show
    [message_cli_loaded] => Data force loaded from WP CLI.
    [message_endpoint_loaded] => Data loaded from endpoint.
    [message_cache_loaded] => Data loaded from cached.
    [message_limit_loaded] => You can't make a request to the endpoint until the time limit is reached, information loaded from cached.
)
[ 12-Dec-2019 10:45:59 PM ] - Array
(
    [ajax_url] => http://wp.devel/wp-admin/admin-ajax.php
    [message_no_data] => No data to show
    [message_cli_loaded] => Data force loaded from WP CLI.
    [message_endpoint_loaded] => Data loaded from endpoint.
    [message_cache_loaded] => Data loaded from cached.
    [message_limit_loaded] => You can't make a request to the endpoint until the time limit is reached, information loaded from cached.
)
[ 12-Dec-2019 10:46:00 PM ] - Array
(
    [ajax_url] => http://wp.devel/wp-admin/admin-ajax.php
    [message_no_data] => No data to show
    [message_cli_loaded] => Data force loaded from WP CLI.
    [message_endpoint_loaded] => Data loaded from endpoint.
    [message_cache_loaded] => Data loaded from cached.
    [message_limit_loaded] => You can't make a request to the endpoint until the time limit is reached, information loaded from cached.
)
[ 12-Dec-2019 10:46:00 PM ] - Array
(
    [ajax_url] => http://wp.devel/wp-admin/admin-ajax.php
    [message_no_data] => No data to show
    [message_cli_loaded] => Data force loaded from WP CLI.
    [message_endpoint_loaded] => Data loaded from endpoint.
    [message_cache_loaded] => Data loaded from cached.
    [message_limit_loaded] => You can't make a request to the endpoint until the time limit is reached, information loaded from cached.
)
[ 12-Dec-2019 10:46:04 PM ] - Array
(
    [ajax_url] => http://wp.devel/wp-admin/admin-ajax.php
    [message_no_data] => No data to show
    [message_cli_loaded] => Data force loaded from WP CLI.
    [message_endpoint_loaded] => Data loaded from endpoint.
    [message_cache_loaded] => Data loaded from cached.
    [message_limit_loaded] => You can't make a request to the endpoint until the time limit is reached, information loaded from cached.
)
[ 12-Dec-2019 10:46:04 PM ] - Array
(
    [ajax_url] => http://wp.devel/wp-admin/admin-ajax.php
    [message_no_data] => No data to show
    [message_cli_loaded] => Data force loaded from WP CLI.
    [message_endpoint_loaded] => Data loaded from endpoint.
    [message_cache_loaded] => Data loaded from cached.
    [message_limit_loaded] => You can't make a request to the endpoint until the time limit is reached, information loaded from cached.
)
[ 12-Dec-2019 10:46:04 PM ] - Array
(
    [ajax_url] => http://wp.devel/wp-admin/admin-ajax.php
    [message_no_data] => No data to show
    [message_cli_loaded] => Data force loaded from WP CLI.
    [message_endpoint_loaded] => Data loaded from endpoint.
    [message_cache_loaded] => Data loaded from cached.
    [message_limit_loaded] => You can't make a request to the endpoint until the time limit is reached, information loaded from cached.
)
[ 12-Dec-2019 10:46:04 PM ] - Array
(
    [ajax_url] => http://wp.devel/wp-admin/admin-ajax.php
    [message_no_data] => No data to show
    [message_cli_loaded] => Data force loaded from WP CLI.
    [message_endpoint_loaded] => Data loaded from endpoint.
    [message_cache_loaded] => Data loaded from cached.
    [message_limit_loaded] => You can't make a request to the endpoint until the time limit is reached, information loaded from cached.
)
[ 12-Dec-2019 10:46:05 PM ] - Array
(
    [ajax_url] => http://wp.devel/wp-admin/admin-ajax.php
    [message_no_data] => No data to show
    [message_cli_loaded] => Data force loaded from WP CLI.
    [message_endpoint_loaded] => Data loaded from endpoint.
    [message_cache_loaded] => Data loaded from cached.
    [message_limit_loaded] => You can't make a request to the endpoint until the time limit is reached, information loaded from cached.
)
[ 12-Dec-2019 10:46:05 PM ] - Array
(
    [ajax_url] => http://wp.devel/wp-admin/admin-ajax.php
    [message_no_data] => No data to show
    [message_cli_loaded] => Data force loaded from WP CLI.
    [message_endpoint_loaded] => Data loaded from endpoint.
    [message_cache_loaded] => Data loaded from cached.
    [message_limit_loaded] => You can't make a request to the endpoint until the time limit is reached, information loaded from cached.
)
[ 12-Dec-2019 10:46:59 PM ] - Array
(
    [ajax_url] => http://wp.devel/wp-admin/admin-ajax.php
    [message_no_data] => No data to show
    [message_cli_loaded] => Data force loaded from WP CLI.
    [message_endpoint_loaded] => Data loaded from endpoint.
    [message_cache_loaded] => Data loaded from cached.
    [message_limit_loaded] => You can't make a request to the endpoint until the time limit is reached, information loaded from cached.
)
[ 12-Dec-2019 10:46:59 PM ] - Array
(
    [ajax_url] => http://wp.devel/wp-admin/admin-ajax.php
    [message_no_data] => No data to show
    [message_cli_loaded] => Data force loaded from WP CLI.
    [message_endpoint_loaded] => Data loaded from endpoint.
    [message_cache_loaded] => Data loaded from cached.
    [message_limit_loaded] => You can't make a request to the endpoint until the time limit is reached, information loaded from cached.
)
[ 12-Dec-2019 10:47:05 PM ] - Array
(
    [ajax_url] => http://wp.devel/wp-admin/admin-ajax.php
    [message_no_data] => No data to show
    [message_cli_loaded] => Data force loaded from WP CLI.
    [message_endpoint_loaded] => Data loaded from endpoint.
    [message_cache_loaded] => Data loaded from cached.
    [message_limit_loaded] => You can't make a request to the endpoint until the time limit is reached, information loaded from cached.
)
[ 12-Dec-2019 10:47:05 PM ] - Array
(
    [ajax_url] => http://wp.devel/wp-admin/admin-ajax.php
    [message_no_data] => No data to show
    [message_cli_loaded] => Data force loaded from WP CLI.
    [message_endpoint_loaded] => Data loaded from endpoint.
    [message_cache_loaded] => Data loaded from cached.
    [message_limit_loaded] => You can't make a request to the endpoint until the time limit is reached, information loaded from cached.
)
[ 12-Dec-2019 10:48:05 PM ] - Array
(
    [ajax_url] => http://wp.devel/wp-admin/admin-ajax.php
    [message_no_data] => No data to show
    [message_cli_loaded] => Data force loaded from WP CLI.
    [message_endpoint_loaded] => Data loaded from endpoint.
    [message_cache_loaded] => Data loaded from cached.
    [message_limit_loaded] => You can't make a request to the endpoint until the time limit is reached, information loaded from cached.
)
[ 12-Dec-2019 10:48:05 PM ] - Array
(
    [ajax_url] => http://wp.devel/wp-admin/admin-ajax.php
    [message_no_data] => No data to show
    [message_cli_loaded] => Data force loaded from WP CLI.
    [message_endpoint_loaded] => Data loaded from endpoint.
    [message_cache_loaded] => Data loaded from cached.
    [message_limit_loaded] => You can't make a request to the endpoint until the time limit is reached, information loaded from cached.
)
[ 12-Dec-2019 10:49:00 PM ] - Array
(
    [ajax_url] => http://wp.devel/wp-admin/admin-ajax.php
    [message_no_data] => No data to show
    [message_cli_loaded] => Data force loaded from WP CLI.
    [message_endpoint_loaded] => Data loaded from endpoint.
    [message_cache_loaded] => Data loaded from cached.
    [message_limit_loaded] => You can't make a request to the endpoint until the time limit is reached, information loaded from cached.
)
[ 12-Dec-2019 10:49:00 PM ] - Array
(
    [ajax_url] => http://wp.devel/wp-admin/admin-ajax.php
    [message_no_data] => No data to show
    [message_cli_loaded] => Data force loaded from WP CLI.
    [message_endpoint_loaded] => Data loaded from endpoint.
    [message_cache_loaded] => Data loaded from cached.
    [message_limit_loaded] => You can't make a request to the endpoint until the time limit is reached, information loaded from cached.
)
[ 12-Dec-2019 10:50:05 PM ] - Array
(
    [ajax_url] => http://wp.devel/wp-admin/admin-ajax.php
    [message_no_data] => No data to show
    [message_cli_loaded] => Data force loaded from WP CLI.
    [message_endpoint_loaded] => Data loaded from endpoint.
    [message_cache_loaded] => Data loaded from cached.
    [message_limit_loaded] => You can't make a request to the endpoint until the time limit is reached, information loaded from cached.
)
[ 12-Dec-2019 10:50:05 PM ] - Array
(
    [ajax_url] => http://wp.devel/wp-admin/admin-ajax.php
    [message_no_data] => No data to show
    [message_cli_loaded] => Data force loaded from WP CLI.
    [message_endpoint_loaded] => Data loaded from endpoint.
    [message_cache_loaded] => Data loaded from cached.
    [message_limit_loaded] => You can't make a request to the endpoint until the time limit is reached, information loaded from cached.
)
[ 12-Dec-2019 10:50:08 PM ] - Array
(
    [ajax_url] => http://wp.devel/wp-admin/admin-ajax.php
    [message_no_data] => No data to show
    [message_cli_loaded] => Data force loaded from WP CLI.
    [message_endpoint_loaded] => Data loaded from endpoint.
    [message_cache_loaded] => Data loaded from cached.
    [message_limit_loaded] => You can't make a request to the endpoint until the time limit is reached, information loaded from cached.
)
[ 12-Dec-2019 10:50:08 PM ] - Array
(
    [ajax_url] => http://wp.devel/wp-admin/admin-ajax.php
    [message_no_data] => No data to show
    [message_cli_loaded] => Data force loaded from WP CLI.
    [message_endpoint_loaded] => Data loaded from endpoint.
    [message_cache_loaded] => Data loaded from cached.
    [message_limit_loaded] => You can't make a request to the endpoint until the time limit is reached, information loaded from cached.
)
[ 12-Dec-2019 10:51:06 PM ] - Array
(
    [ajax_url] => http://wp.devel/wp-admin/admin-ajax.php
    [message_no_data] => No data to show
    [message_cli_loaded] => Data force loaded from WP CLI.
    [message_endpoint_loaded] => Data loaded from endpoint.
    [message_cache_loaded] => Data loaded from cached.
    [message_limit_loaded] => You can't make a request to the endpoint until the time limit is reached, information loaded from cached.
)
[ 12-Dec-2019 10:51:06 PM ] - Array
(
    [ajax_url] => http://wp.devel/wp-admin/admin-ajax.php
    [message_no_data] => No data to show
    [message_cli_loaded] => Data force loaded from WP CLI.
    [message_endpoint_loaded] => Data loaded from endpoint.
    [message_cache_loaded] => Data loaded from cached.
    [message_limit_loaded] => You can't make a request to the endpoint until the time limit is reached, information loaded from cached.
)
[ 12-Dec-2019 10:51:08 PM ] - Array
(
    [ajax_url] => http://wp.devel/wp-admin/admin-ajax.php
    [message_no_data] => No data to show
    [message_cli_loaded] => Data force loaded from WP CLI.
    [message_endpoint_loaded] => Data loaded from endpoint.
    [message_cache_loaded] => Data loaded from cached.
    [message_limit_loaded] => You can't make a request to the endpoint until the time limit is reached, information loaded from cached.
)
[ 12-Dec-2019 10:51:08 PM ] - Array
(
    [ajax_url] => http://wp.devel/wp-admin/admin-ajax.php
    [message_no_data] => No data to show
    [message_cli_loaded] => Data force loaded from WP CLI.
    [message_endpoint_loaded] => Data loaded from endpoint.
    [message_cache_loaded] => Data loaded from cached.
    [message_limit_loaded] => You can't make a request to the endpoint until the time limit is reached, information loaded from cached.
)
[ 12-Dec-2019 10:53:07 PM ] - Array
(
    [ajax_url] => http://wp.devel/wp-admin/admin-ajax.php
    [message_no_data] => No data to show
    [message_cli_loaded] => Data force loaded from WP CLI.
    [message_endpoint_loaded] => Data loaded from endpoint.
    [message_cache_loaded] => Data loaded from cached.
    [message_limit_loaded] => You can't make a request to the endpoint until the time limit is reached, information loaded from cached.
)
[ 12-Dec-2019 10:53:07 PM ] - Array
(
    [ajax_url] => http://wp.devel/wp-admin/admin-ajax.php
    [message_no_data] => No data to show
    [message_cli_loaded] => Data force loaded from WP CLI.
    [message_endpoint_loaded] => Data loaded from endpoint.
    [message_cache_loaded] => Data loaded from cached.
    [message_limit_loaded] => You can't make a request to the endpoint until the time limit is reached, information loaded from cached.
)
[ 12-Dec-2019 10:53:09 PM ] - Array
(
    [ajax_url] => http://wp.devel/wp-admin/admin-ajax.php
    [message_no_data] => No data to show
    [message_cli_loaded] => Data force loaded from WP CLI.
    [message_endpoint_loaded] => Data loaded from endpoint.
    [message_cache_loaded] => Data loaded from cached.
    [message_limit_loaded] => You can't make a request to the endpoint until the time limit is reached, information loaded from cached.
)
[ 12-Dec-2019 10:53:09 PM ] - Array
(
    [ajax_url] => http://wp.devel/wp-admin/admin-ajax.php
    [message_no_data] => No data to show
    [message_cli_loaded] => Data force loaded from WP CLI.
    [message_endpoint_loaded] => Data loaded from endpoint.
    [message_cache_loaded] => Data loaded from cached.
    [message_limit_loaded] => You can't make a request to the endpoint until the time limit is reached, information loaded from cached.
)
[ 12-Dec-2019 10:54:44 PM ] - Array
(
    [ajax_url] => http://wp.devel/wp-admin/admin-ajax.php
    [message_no_data] => No data to show
    [message_cli_loaded] => Data force loaded from WP CLI.
    [message_endpoint_loaded] => Data loaded from endpoint.
    [message_cache_loaded] => Data loaded from cached.
    [message_limit_loaded] => You can't make a request to the endpoint until the time limit is reached, information loaded from cached.
)
[ 12-Dec-2019 10:54:44 PM ] - Array
(
    [ajax_url] => http://wp.devel/wp-admin/admin-ajax.php
    [message_no_data] => No data to show
    [message_cli_loaded] => Data force loaded from WP CLI.
    [message_endpoint_loaded] => Data loaded from endpoint.
    [message_cache_loaded] => Data loaded from cached.
    [message_limit_loaded] => You can't make a request to the endpoint until the time limit is reached, information loaded from cached.
)
[ 12-Dec-2019 10:54:46 PM ] - Array
(
    [ajax_url] => http://wp.devel/wp-admin/admin-ajax.php
    [message_no_data] => No data to show
    [message_cli_loaded] => Data force loaded from WP CLI.
    [message_endpoint_loaded] => Data loaded from endpoint.
    [message_cache_loaded] => Data loaded from cached.
    [message_limit_loaded] => You can't make a request to the endpoint until the time limit is reached, information loaded from cached.
)
[ 12-Dec-2019 10:54:46 PM ] - Array
(
    [ajax_url] => http://wp.devel/wp-admin/admin-ajax.php
    [message_no_data] => No data to show
    [message_cli_loaded] => Data force loaded from WP CLI.
    [message_endpoint_loaded] => Data loaded from endpoint.
    [message_cache_loaded] => Data loaded from cached.
    [message_limit_loaded] => You can't make a request to the endpoint until the time limit is reached, information loaded from cached.
)
[ 12-Dec-2019 10:54:52 PM ] - Array
(
    [ajax_url] => http://wp.devel/wp-admin/admin-ajax.php
    [message_no_data] => No data to show
    [message_cli_loaded] => Data force loaded from WP CLI.
    [message_endpoint_loaded] => Data loaded from endpoint.
    [message_cache_loaded] => Data loaded from cached.
    [message_limit_loaded] => You can't make a request to the endpoint until the time limit is reached, information loaded from cached.
)
[ 12-Dec-2019 10:54:52 PM ] - Array
(
    [ajax_url] => http://wp.devel/wp-admin/admin-ajax.php
    [message_no_data] => No data to show
    [message_cli_loaded] => Data force loaded from WP CLI.
    [message_endpoint_loaded] => Data loaded from endpoint.
    [message_cache_loaded] => Data loaded from cached.
    [message_limit_loaded] => You can't make a request to the endpoint until the time limit is reached, information loaded from cached.
)
[ 12-Dec-2019 10:54:53 PM ] - Array
(
    [ajax_url] => http://wp.devel/wp-admin/admin-ajax.php
    [message_no_data] => No data to show
    [message_cli_loaded] => Data force loaded from WP CLI.
    [message_endpoint_loaded] => Data loaded from endpoint.
    [message_cache_loaded] => Data loaded from cached.
    [message_limit_loaded] => You can't make a request to the endpoint until the time limit is reached, information loaded from cached.
)
[ 12-Dec-2019 10:54:53 PM ] - Array
(
    [ajax_url] => http://wp.devel/wp-admin/admin-ajax.php
    [message_no_data] => No data to show
    [message_cli_loaded] => Data force loaded from WP CLI.
    [message_endpoint_loaded] => Data loaded from endpoint.
    [message_cache_loaded] => Data loaded from cached.
    [message_limit_loaded] => You can't make a request to the endpoint until the time limit is reached, information loaded from cached.
)
[ 12-Dec-2019 10:54:53 PM ] - Array
(
    [ajax_url] => http://wp.devel/wp-admin/admin-ajax.php
    [message_no_data] => No data to show
    [message_cli_loaded] => Data force loaded from WP CLI.
    [message_endpoint_loaded] => Data loaded from endpoint.
    [message_cache_loaded] => Data loaded from cached.
    [message_limit_loaded] => You can't make a request to the endpoint until the time limit is reached, information loaded from cached.
)
[ 12-Dec-2019 10:54:53 PM ] - Array
(
    [ajax_url] => http://wp.devel/wp-admin/admin-ajax.php
    [message_no_data] => No data to show
    [message_cli_loaded] => Data force loaded from WP CLI.
    [message_endpoint_loaded] => Data loaded from endpoint.
    [message_cache_loaded] => Data loaded from cached.
    [message_limit_loaded] => You can't make a request to the endpoint until the time limit is reached, information loaded from cached.
)
[ 12-Dec-2019 10:56:04 PM ] - Array
(
    [ajax_url] => http://wp.devel/wp-admin/admin-ajax.php
    [message_no_data] => No data to show
    [message_cli_loaded] => Data force loaded from WP CLI.
    [message_endpoint_loaded] => Data loaded from endpoint.
    [message_cache_loaded] => Data loaded from cached.
    [message_limit_loaded] => You can't make a request to the endpoint until the time limit is reached, information loaded from cached.
)
[ 13-Dec-2019 12:10:22 AM ] - Array
(
    [ajax_url] => http://wp.devel/wp-admin/admin-ajax.php
    [message_no_data] => No hay información para mostrar
    [message_cli_loaded] => Forzado de carga desde WP CLI
    [message_endpoint_loaded] => Información cargada desde el punto de acceso.
    [message_cache_loaded] => Información cargada desde Cache.
    [message_limit_loaded] => No puedes recargar la información desde el punto de accesso hasta que el límite de tiempo se haya alcanzado. Información cargada del cache.
)
[ 13-Dec-2019 12:10:22 AM ] - Array
(
    [ajax_url] => http://wp.devel/wp-admin/admin-ajax.php
    [message_no_data] => No hay información para mostrar
    [message_cli_loaded] => Forzado de carga desde WP CLI
    [message_endpoint_loaded] => Información cargada desde el punto de acceso.
    [message_cache_loaded] => Información cargada desde Cache.
    [message_limit_loaded] => No puedes recargar la información desde el punto de accesso hasta que el límite de tiempo se haya alcanzado. Información cargada del cache.
)
[ 13-Dec-2019 12:10:22 AM ] - Array
(
    [ajax_url] => http://wp.devel/wp-admin/admin-ajax.php
    [message_no_data] => No hay información para mostrar
    [message_cli_loaded] => Forzado de carga desde WP CLI
    [message_endpoint_loaded] => Información cargada desde el punto de acceso.
    [message_cache_loaded] => Información cargada desde Cache.
    [message_limit_loaded] => No puedes recargar la información desde el punto de accesso hasta que el límite de tiempo se haya alcanzado. Información cargada del cache.
)
[ 13-Dec-2019 12:10:22 AM ] - Array
(
    [ajax_url] => http://wp.devel/wp-admin/admin-ajax.php
    [message_no_data] => No hay información para mostrar
    [message_cli_loaded] => Forzado de carga desde WP CLI
    [message_endpoint_loaded] => Información cargada desde el punto de acceso.
    [message_cache_loaded] => Información cargada desde Cache.
    [message_limit_loaded] => No puedes recargar la información desde el punto de accesso hasta que el límite de tiempo se haya alcanzado. Información cargada del cache.
)
[ 13-Dec-2019 12:10:22 AM ] - Array
(
    [ajax_url] => http://wp.devel/wp-admin/admin-ajax.php
    [message_no_data] => No hay información para mostrar
    [message_cli_loaded] => Forzado de carga desde WP CLI
    [message_endpoint_loaded] => Información cargada desde el punto de acceso.
    [message_cache_loaded] => Información cargada desde Cache.
    [message_limit_loaded] => No puedes recargar la información desde el punto de accesso hasta que el límite de tiempo se haya alcanzado. Información cargada del cache.
)
[ 13-Dec-2019 12:10:22 AM ] - Array
(
    [ajax_url] => http://wp.devel/wp-admin/admin-ajax.php
    [message_no_data] => No hay información para mostrar
    [message_cli_loaded] => Forzado de carga desde WP CLI
    [message_endpoint_loaded] => Información cargada desde el punto de acceso.
    [message_cache_loaded] => Información cargada desde Cache.
    [message_limit_loaded] => No puedes recargar la información desde el punto de accesso hasta que el límite de tiempo se haya alcanzado. Información cargada del cache.
)
[ 13-Dec-2019 12:10:22 AM ] - Array
(
    [ajax_url] => http://wp.devel/wp-admin/admin-ajax.php
    [message_no_data] => No hay información para mostrar
    [message_cli_loaded] => Forzado de carga desde WP CLI
    [message_endpoint_loaded] => Información cargada desde el punto de acceso.
    [message_cache_loaded] => Información cargada desde Cache.
    [message_limit_loaded] => No puedes recargar la información desde el punto de accesso hasta que el límite de tiempo se haya alcanzado. Información cargada del cache.
)
[ 13-Dec-2019 12:10:22 AM ] - Array
(
    [ajax_url] => http://wp.devel/wp-admin/admin-ajax.php
    [message_no_data] => No hay información para mostrar
    [message_cli_loaded] => Forzado de carga desde WP CLI
    [message_endpoint_loaded] => Información cargada desde el punto de acceso.
    [message_cache_loaded] => Información cargada desde Cache.
    [message_limit_loaded] => No puedes recargar la información desde el punto de accesso hasta que el límite de tiempo se haya alcanzado. Información cargada del cache.
)
[ 13-Dec-2019 12:10:22 AM ] - Array
(
    [ajax_url] => http://wp.devel/wp-admin/admin-ajax.php
    [message_no_data] => No hay información para mostrar
    [message_cli_loaded] => Forzado de carga desde WP CLI
    [message_endpoint_loaded] => Información cargada desde el punto de acceso.
    [message_cache_loaded] => Información cargada desde Cache.
    [message_limit_loaded] => No puedes recargar la información desde el punto de accesso hasta que el límite de tiempo se haya alcanzado. Información cargada del cache.
)
[ 13-Dec-2019 12:10:22 AM ] - Array
(
    [ajax_url] => http://wp.devel/wp-admin/admin-ajax.php
    [message_no_data] => No hay información para mostrar
    [message_cli_loaded] => Forzado de carga desde WP CLI
    [message_endpoint_loaded] => Información cargada desde el punto de acceso.
    [message_cache_loaded] => Información cargada desde Cache.
    [message_limit_loaded] => No puedes recargar la información desde el punto de accesso hasta que el límite de tiempo se haya alcanzado. Información cargada del cache.
)
[ 13-Dec-2019 12:10:22 AM ] - Array
(
    [ajax_url] => http://wp.devel/wp-admin/admin-ajax.php
    [message_no_data] => No hay información para mostrar
    [message_cli_loaded] => Forzado de carga desde WP CLI
    [message_endpoint_loaded] => Información cargada desde el punto de acceso.
    [message_cache_loaded] => Información cargada desde Cache.
    [message_limit_loaded] => No puedes recargar la información desde el punto de accesso hasta que el límite de tiempo se haya alcanzado. Información cargada del cache.
)
[ 13-Dec-2019 12:10:22 AM ] - Array
(
    [ajax_url] => http://wp.devel/wp-admin/admin-ajax.php
    [message_no_data] => No hay información para mostrar
    [message_cli_loaded] => Forzado de carga desde WP CLI
    [message_endpoint_loaded] => Información cargada desde el punto de acceso.
    [message_cache_loaded] => Información cargada desde Cache.
    [message_limit_loaded] => No puedes recargar la información desde el punto de accesso hasta que el límite de tiempo se haya alcanzado. Información cargada del cache.
)
[ 13-Dec-2019 12:10:22 AM ] - Array
(
    [ajax_url] => http://wp.devel/wp-admin/admin-ajax.php
    [message_no_data] => No hay información para mostrar
    [message_cli_loaded] => Forzado de carga desde WP CLI
    [message_endpoint_loaded] => Información cargada desde el punto de acceso.
    [message_cache_loaded] => Información cargada desde Cache.
    [message_limit_loaded] => No puedes recargar la información desde el punto de accesso hasta que el límite de tiempo se haya alcanzado. Información cargada del cache.
)
[ 13-Dec-2019 12:10:22 AM ] - Array
(
    [ajax_url] => http://wp.devel/wp-admin/admin-ajax.php
    [message_no_data] => No hay información para mostrar
    [message_cli_loaded] => Forzado de carga desde WP CLI
    [message_endpoint_loaded] => Información cargada desde el punto de acceso.
    [message_cache_loaded] => Información cargada desde Cache.
    [message_limit_loaded] => No puedes recargar la información desde el punto de accesso hasta que el límite de tiempo se haya alcanzado. Información cargada del cache.
)
[ 13-Dec-2019 12:10:22 AM ] - Array
(
    [ajax_url] => http://wp.devel/wp-admin/admin-ajax.php
    [message_no_data] => No hay información para mostrar
    [message_cli_loaded] => Forzado de carga desde WP CLI
    [message_endpoint_loaded] => Información cargada desde el punto de acceso.
    [message_cache_loaded] => Información cargada desde Cache.
    [message_limit_loaded] => No puedes recargar la información desde el punto de accesso hasta que el límite de tiempo se haya alcanzado. Información cargada del cache.
)
[ 13-Dec-2019 12:10:22 AM ] - Array
(
    [ajax_url] => http://wp.devel/wp-admin/admin-ajax.php
    [message_no_data] => No hay información para mostrar
    [message_cli_loaded] => Forzado de carga desde WP CLI
    [message_endpoint_loaded] => Información cargada desde el punto de acceso.
    [message_cache_loaded] => Información cargada desde Cache.
    [message_limit_loaded] => No puedes recargar la información desde el punto de accesso hasta que el límite de tiempo se haya alcanzado. Información cargada del cache.
)
[ 13-Dec-2019 12:10:22 AM ] - Array
(
    [ajax_url] => http://wp.devel/wp-admin/admin-ajax.php
    [message_no_data] => No hay información para mostrar
    [message_cli_loaded] => Forzado de carga desde WP CLI
    [message_endpoint_loaded] => Información cargada desde el punto de acceso.
    [message_cache_loaded] => Información cargada desde Cache.
    [message_limit_loaded] => No puedes recargar la información desde el punto de accesso hasta que el límite de tiempo se haya alcanzado. Información cargada del cache.
)
[ 13-Dec-2019 12:10:22 AM ] - Array
(
    [ajax_url] => http://wp.devel/wp-admin/admin-ajax.php
    [message_no_data] => No hay información para mostrar
    [message_cli_loaded] => Forzado de carga desde WP CLI
    [message_endpoint_loaded] => Información cargada desde el punto de acceso.
    [message_cache_loaded] => Información cargada desde Cache.
    [message_limit_loaded] => No puedes recargar la información desde el punto de accesso hasta que el límite de tiempo se haya alcanzado. Información cargada del cache.
)
[ 13-Dec-2019 12:10:22 AM ] - Array
(
    [ajax_url] => http://wp.devel/wp-admin/admin-ajax.php
    [message_no_data] => No hay información para mostrar
    [message_cli_loaded] => Forzado de carga desde WP CLI
    [message_endpoint_loaded] => Información cargada desde el punto de acceso.
    [message_cache_loaded] => Información cargada desde Cache.
    [message_limit_loaded] => No puedes recargar la información desde el punto de accesso hasta que el límite de tiempo se haya alcanzado. Información cargada del cache.
)
[ 13-Dec-2019 12:10:22 AM ] - Array
(
    [ajax_url] => http://wp.devel/wp-admin/admin-ajax.php
    [message_no_data] => No hay información para mostrar
    [message_cli_loaded] => Forzado de carga desde WP CLI
    [message_endpoint_loaded] => Información cargada desde el punto de acceso.
    [message_cache_loaded] => Información cargada desde Cache.
    [message_limit_loaded] => No puedes recargar la información desde el punto de accesso hasta que el límite de tiempo se haya alcanzado. Información cargada del cache.
)
[ 13-Dec-2019 12:10:22 AM ] - Array
(
    [ajax_url] => http://wp.devel/wp-admin/admin-ajax.php
    [message_no_data] => No hay información para mostrar
    [message_cli_loaded] => Forzado de carga desde WP CLI
    [message_endpoint_loaded] => Información cargada desde el punto de acceso.
    [message_cache_loaded] => Información cargada desde Cache.
    [message_limit_loaded] => No puedes recargar la información desde el punto de accesso hasta que el límite de tiempo se haya alcanzado. Información cargada del cache.
)
[ 13-Dec-2019 12:10:22 AM ] - Array
(
    [ajax_url] => http://wp.devel/wp-admin/admin-ajax.php
    [message_no_data] => No hay información para mostrar
    [message_cli_loaded] => Forzado de carga desde WP CLI
    [message_endpoint_loaded] => Información cargada desde el punto de acceso.
    [message_cache_loaded] => Información cargada desde Cache.
    [message_limit_loaded] => No puedes recargar la información desde el punto de accesso hasta que el límite de tiempo se haya alcanzado. Información cargada del cache.
)
[ 13-Dec-2019 12:10:22 AM ] - Array
(
    [ajax_url] => http://wp.devel/wp-admin/admin-ajax.php
    [message_no_data] => No hay información para mostrar
    [message_cli_loaded] => Forzado de carga desde WP CLI
    [message_endpoint_loaded] => Información cargada desde el punto de acceso.
    [message_cache_loaded] => Información cargada desde Cache.
    [message_limit_loaded] => No puedes recargar la información desde el punto de accesso hasta que el límite de tiempo se haya alcanzado. Información cargada del cache.
)
[ 13-Dec-2019 12:10:22 AM ] - Array
(
    [ajax_url] => http://wp.devel/wp-admin/admin-ajax.php
    [message_no_data] => No hay información para mostrar
    [message_cli_loaded] => Forzado de carga desde WP CLI
    [message_endpoint_loaded] => Información cargada desde el punto de acceso.
    [message_cache_loaded] => Información cargada desde Cache.
    [message_limit_loaded] => No puedes recargar la información desde el punto de accesso hasta que el límite de tiempo se haya alcanzado. Información cargada del cache.
)
[ 13-Dec-2019 12:10:22 AM ] - Array
(
    [ajax_url] => http://wp.devel/wp-admin/admin-ajax.php
    [message_no_data] => No hay información para mostrar
    [message_cli_loaded] => Forzado de carga desde WP CLI
    [message_endpoint_loaded] => Información cargada desde el punto de acceso.
    [message_cache_loaded] => Información cargada desde Cache.
    [message_limit_loaded] => No puedes recargar la información desde el punto de accesso hasta que el límite de tiempo se haya alcanzado. Información cargada del cache.
)
[ 13-Dec-2019 12:10:22 AM ] - Array
(
    [ajax_url] => http://wp.devel/wp-admin/admin-ajax.php
    [message_no_data] => No hay información para mostrar
    [message_cli_loaded] => Forzado de carga desde WP CLI
    [message_endpoint_loaded] => Información cargada desde el punto de acceso.
    [message_cache_loaded] => Información cargada desde Cache.
    [message_limit_loaded] => No puedes recargar la información desde el punto de accesso hasta que el límite de tiempo se haya alcanzado. Información cargada del cache.
)
[ 13-Dec-2019 12:10:22 AM ] - Array
(
    [ajax_url] => http://wp.devel/wp-admin/admin-ajax.php
    [message_no_data] => No hay información para mostrar
    [message_cli_loaded] => Forzado de carga desde WP CLI
    [message_endpoint_loaded] => Información cargada desde el punto de acceso.
    [message_cache_loaded] => Información cargada desde Cache.
    [message_limit_loaded] => No puedes recargar la información desde el punto de accesso hasta que el límite de tiempo se haya alcanzado. Información cargada del cache.
)
[ 13-Dec-2019 12:10:22 AM ] - Array
(
    [ajax_url] => http://wp.devel/wp-admin/admin-ajax.php
    [message_no_data] => No hay información para mostrar
    [message_cli_loaded] => Forzado de carga desde WP CLI
    [message_endpoint_loaded] => Información cargada desde el punto de acceso.
    [message_cache_loaded] => Información cargada desde Cache.
    [message_limit_loaded] => No puedes recargar la información desde el punto de accesso hasta que el límite de tiempo se haya alcanzado. Información cargada del cache.
)
[ 13-Dec-2019 12:10:22 AM ] - Array
(
    [ajax_url] => http://wp.devel/wp-admin/admin-ajax.php
    [message_no_data] => No hay información para mostrar
    [message_cli_loaded] => Forzado de carga desde WP CLI
    [message_endpoint_loaded] => Información cargada desde el punto de acceso.
    [message_cache_loaded] => Información cargada desde Cache.
    [message_limit_loaded] => No puedes recargar la información desde el punto de accesso hasta que el límite de tiempo se haya alcanzado. Información cargada del cache.
)
[ 13-Dec-2019 12:10:22 AM ] - Array
(
    [ajax_url] => http://wp.devel/wp-admin/admin-ajax.php
    [message_no_data] => No hay información para mostrar
    [message_cli_loaded] => Forzado de carga desde WP CLI
    [message_endpoint_loaded] => Información cargada desde el punto de acceso.
    [message_cache_loaded] => Información cargada desde Cache.
    [message_limit_loaded] => No puedes recargar la información desde el punto de accesso hasta que el límite de tiempo se haya alcanzado. Información cargada del cache.
)
[ 13-Dec-2019 12:10:22 AM ] - Array
(
    [ajax_url] => http://wp.devel/wp-admin/admin-ajax.php
    [message_no_data] => No hay información para mostrar
    [message_cli_loaded] => Forzado de carga desde WP CLI
    [message_endpoint_loaded] => Información cargada desde el punto de acceso.
    [message_cache_loaded] => Información cargada desde Cache.
    [message_limit_loaded] => No puedes recargar la información desde el punto de accesso hasta que el límite de tiempo se haya alcanzado. Información cargada del cache.
)
[ 13-Dec-2019 12:10:22 AM ] - Array
(
    [ajax_url] => http://wp.devel/wp-admin/admin-ajax.php
    [message_no_data] => No hay información para mostrar
    [message_cli_loaded] => Forzado de carga desde WP CLI
    [message_endpoint_loaded] => Información cargada desde el punto de acceso.
    [message_cache_loaded] => Información cargada desde Cache.
    [message_limit_loaded] => No puedes recargar la información desde el punto de accesso hasta que el límite de tiempo se haya alcanzado. Información cargada del cache.
)
[ 13-Dec-2019 12:10:22 AM ] - Array
(
    [ajax_url] => http://wp.devel/wp-admin/admin-ajax.php
    [message_no_data] => No hay información para mostrar
    [message_cli_loaded] => Forzado de carga desde WP CLI
    [message_endpoint_loaded] => Información cargada desde el punto de acceso.
    [message_cache_loaded] => Información cargada desde Cache.
    [message_limit_loaded] => No puedes recargar la información desde el punto de accesso hasta que el límite de tiempo se haya alcanzado. Información cargada del cache.
)
[ 13-Dec-2019 12:10:22 AM ] - Array
(
    [ajax_url] => http://wp.devel/wp-admin/admin-ajax.php
    [message_no_data] => No hay información para mostrar
    [message_cli_loaded] => Forzado de carga desde WP CLI
    [message_endpoint_loaded] => Información cargada desde el punto de acceso.
    [message_cache_loaded] => Información cargada desde Cache.
    [message_limit_loaded] => No puedes recargar la información desde el punto de accesso hasta que el límite de tiempo se haya alcanzado. Información cargada del cache.
)
[ 13-Dec-2019 12:10:22 AM ] - Array
(
    [ajax_url] => http://wp.devel/wp-admin/admin-ajax.php
    [message_no_data] => No hay información para mostrar
    [message_cli_loaded] => Forzado de carga desde WP CLI
    [message_endpoint_loaded] => Información cargada desde el punto de acceso.
    [message_cache_loaded] => Información cargada desde Cache.
    [message_limit_loaded] => No puedes recargar la información desde el punto de accesso hasta que el límite de tiempo se haya alcanzado. Información cargada del cache.
)
[ 13-Dec-2019 12:10:22 AM ] - Array
(
    [ajax_url] => http://wp.devel/wp-admin/admin-ajax.php
    [message_no_data] => No hay información para mostrar
    [message_cli_loaded] => Forzado de carga desde WP CLI
    [message_endpoint_loaded] => Información cargada desde el punto de acceso.
    [message_cache_loaded] => Información cargada desde Cache.
    [message_limit_loaded] => No puedes recargar la información desde el punto de accesso hasta que el límite de tiempo se haya alcanzado. Información cargada del cache.
)
[ 13-Dec-2019 12:10:22 AM ] - Array
(
    [ajax_url] => http://wp.devel/wp-admin/admin-ajax.php
    [message_no_data] => No hay información para mostrar
    [message_cli_loaded] => Forzado de carga desde WP CLI
    [message_endpoint_loaded] => Información cargada desde el punto de acceso.
    [message_cache_loaded] => Información cargada desde Cache.
    [message_limit_loaded] => No puedes recargar la información desde el punto de accesso hasta que el límite de tiempo se haya alcanzado. Información cargada del cache.
)
[ 13-Dec-2019 12:10:22 AM ] - Array
(
    [ajax_url] => http://wp.devel/wp-admin/admin-ajax.php
    [message_no_data] => No hay información para mostrar
    [message_cli_loaded] => Forzado de carga desde WP CLI
    [message_endpoint_loaded] => Información cargada desde el punto de acceso.
    [message_cache_loaded] => Información cargada desde Cache.
    [message_limit_loaded] => No puedes recargar la información desde el punto de accesso hasta que el límite de tiempo se haya alcanzado. Información cargada del cache.
)
[ 13-Dec-2019 12:10:22 AM ] - Array
(
    [ajax_url] => http://wp.devel/wp-admin/admin-ajax.php
    [message_no_data] => No hay información para mostrar
    [message_cli_loaded] => Forzado de carga desde WP CLI
    [message_endpoint_loaded] => Información cargada desde el punto de acceso.
    [message_cache_loaded] => Información cargada desde Cache.
    [message_limit_loaded] => No puedes recargar la información desde el punto de accesso hasta que el límite de tiempo se haya alcanzado. Información cargada del cache.
)
[ 13-Dec-2019 12:10:22 AM ] - Array
(
    [ajax_url] => http://wp.devel/wp-admin/admin-ajax.php
    [message_no_data] => No hay información para mostrar
    [message_cli_loaded] => Forzado de carga desde WP CLI
    [message_endpoint_loaded] => Información cargada desde el punto de acceso.
    [message_cache_loaded] => Información cargada desde Cache.
    [message_limit_loaded] => No puedes recargar la información desde el punto de accesso hasta que el límite de tiempo se haya alcanzado. Información cargada del cache.
)
[ 13-Dec-2019 12:10:22 AM ] - Array
(
    [ajax_url] => http://wp.devel/wp-admin/admin-ajax.php
    [message_no_data] => No hay información para mostrar
    [message_cli_loaded] => Forzado de carga desde WP CLI
    [message_endpoint_loaded] => Información cargada desde el punto de acceso.
    [message_cache_loaded] => Información cargada desde Cache.
    [message_limit_loaded] => No puedes recargar la información desde el punto de accesso hasta que el límite de tiempo se haya alcanzado. Información cargada del cache.
)
[ 13-Dec-2019 12:10:22 AM ] - Array
(
    [ajax_url] => http://wp.devel/wp-admin/admin-ajax.php
    [message_no_data] => No hay información para mostrar
    [message_cli_loaded] => Forzado de carga desde WP CLI
    [message_endpoint_loaded] => Información cargada desde el punto de acceso.
    [message_cache_loaded] => Información cargada desde Cache.
    [message_limit_loaded] => No puedes recargar la información desde el punto de accesso hasta que el límite de tiempo se haya alcanzado. Información cargada del cache.
)
[ 13-Dec-2019 12:10:23 AM ] - Array
(
    [ajax_url] => http://wp.devel/wp-admin/admin-ajax.php
    [message_no_data] => No data to show
    [message_cli_loaded] => Data force loaded from WP CLI.
    [message_endpoint_loaded] => Data loaded from endpoint.
    [message_cache_loaded] => Data loaded from cached.
    [message_limit_loaded] => You can't make a request to the endpoint until the time limit is reached, information loaded from cached.
)
[ 13-Dec-2019 12:10:27 AM ] - Array
(
    [ajax_url] => http://wp.devel/wp-admin/admin-ajax.php
    [message_no_data] => No hay información para mostrar
    [message_cli_loaded] => Forzado de carga desde WP CLI
    [message_endpoint_loaded] => Información cargada desde el punto de acceso.
    [message_cache_loaded] => Información cargada desde Cache.
    [message_limit_loaded] => No puedes recargar la información desde el punto de accesso hasta que el límite de tiempo se haya alcanzado. Información cargada del cache.
)
[ 13-Dec-2019 12:10:27 AM ] - Array
(
    [ajax_url] => http://wp.devel/wp-admin/admin-ajax.php
    [message_no_data] => No hay información para mostrar
    [message_cli_loaded] => Forzado de carga desde WP CLI
    [message_endpoint_loaded] => Información cargada desde el punto de acceso.
    [message_cache_loaded] => Información cargada desde Cache.
    [message_limit_loaded] => No puedes recargar la información desde el punto de accesso hasta que el límite de tiempo se haya alcanzado. Información cargada del cache.
)
[ 13-Dec-2019 12:10:27 AM ] - Array
(
    [ajax_url] => http://wp.devel/wp-admin/admin-ajax.php
    [message_no_data] => No hay información para mostrar
    [message_cli_loaded] => Forzado de carga desde WP CLI
    [message_endpoint_loaded] => Información cargada desde el punto de acceso.
    [message_cache_loaded] => Información cargada desde Cache.
    [message_limit_loaded] => No puedes recargar la información desde el punto de accesso hasta que el límite de tiempo se haya alcanzado. Información cargada del cache.
)
[ 13-Dec-2019 12:10:27 AM ] - Array
(
    [ajax_url] => http://wp.devel/wp-admin/admin-ajax.php
    [message_no_data] => No hay información para mostrar
    [message_cli_loaded] => Forzado de carga desde WP CLI
    [message_endpoint_loaded] => Información cargada desde el punto de acceso.
    [message_cache_loaded] => Información cargada desde Cache.
    [message_limit_loaded] => No puedes recargar la información desde el punto de accesso hasta que el límite de tiempo se haya alcanzado. Información cargada del cache.
)
[ 13-Dec-2019 12:10:27 AM ] - Array
(
    [ajax_url] => http://wp.devel/wp-admin/admin-ajax.php
    [message_no_data] => No hay información para mostrar
    [message_cli_loaded] => Forzado de carga desde WP CLI
    [message_endpoint_loaded] => Información cargada desde el punto de acceso.
    [message_cache_loaded] => Información cargada desde Cache.
    [message_limit_loaded] => No puedes recargar la información desde el punto de accesso hasta que el límite de tiempo se haya alcanzado. Información cargada del cache.
)
[ 13-Dec-2019 12:10:27 AM ] - Array
(
    [ajax_url] => http://wp.devel/wp-admin/admin-ajax.php
    [message_no_data] => No hay información para mostrar
    [message_cli_loaded] => Forzado de carga desde WP CLI
    [message_endpoint_loaded] => Información cargada desde el punto de acceso.
    [message_cache_loaded] => Información cargada desde Cache.
    [message_limit_loaded] => No puedes recargar la información desde el punto de accesso hasta que el límite de tiempo se haya alcanzado. Información cargada del cache.
)
[ 13-Dec-2019 12:10:27 AM ] - Array
(
    [ajax_url] => http://wp.devel/wp-admin/admin-ajax.php
    [message_no_data] => No hay información para mostrar
    [message_cli_loaded] => Forzado de carga desde WP CLI
    [message_endpoint_loaded] => Información cargada desde el punto de acceso.
    [message_cache_loaded] => Información cargada desde Cache.
    [message_limit_loaded] => No puedes recargar la información desde el punto de accesso hasta que el límite de tiempo se haya alcanzado. Información cargada del cache.
)
[ 13-Dec-2019 12:10:27 AM ] - Array
(
    [ajax_url] => http://wp.devel/wp-admin/admin-ajax.php
    [message_no_data] => No hay información para mostrar
    [message_cli_loaded] => Forzado de carga desde WP CLI
    [message_endpoint_loaded] => Información cargada desde el punto de acceso.
    [message_cache_loaded] => Información cargada desde Cache.
    [message_limit_loaded] => No puedes recargar la información desde el punto de accesso hasta que el límite de tiempo se haya alcanzado. Información cargada del cache.
)
[ 13-Dec-2019 12:10:27 AM ] - Array
(
    [ajax_url] => http://wp.devel/wp-admin/admin-ajax.php
    [message_no_data] => No hay información para mostrar
    [message_cli_loaded] => Forzado de carga desde WP CLI
    [message_endpoint_loaded] => Información cargada desde el punto de acceso.
    [message_cache_loaded] => Información cargada desde Cache.
    [message_limit_loaded] => No puedes recargar la información desde el punto de accesso hasta que el límite de tiempo se haya alcanzado. Información cargada del cache.
)
[ 13-Dec-2019 12:10:27 AM ] - Array
(
    [ajax_url] => http://wp.devel/wp-admin/admin-ajax.php
    [message_no_data] => No hay información para mostrar
    [message_cli_loaded] => Forzado de carga desde WP CLI
    [message_endpoint_loaded] => Información cargada desde el punto de acceso.
    [message_cache_loaded] => Información cargada desde Cache.
    [message_limit_loaded] => No puedes recargar la información desde el punto de accesso hasta que el límite de tiempo se haya alcanzado. Información cargada del cache.
)
[ 13-Dec-2019 12:10:27 AM ] - Array
(
    [ajax_url] => http://wp.devel/wp-admin/admin-ajax.php
    [message_no_data] => No hay información para mostrar
    [message_cli_loaded] => Forzado de carga desde WP CLI
    [message_endpoint_loaded] => Información cargada desde el punto de acceso.
    [message_cache_loaded] => Información cargada desde Cache.
    [message_limit_loaded] => No puedes recargar la información desde el punto de accesso hasta que el límite de tiempo se haya alcanzado. Información cargada del cache.
)
[ 13-Dec-2019 12:10:28 AM ] - Array
(
    [ajax_url] => http://wp.devel/wp-admin/admin-ajax.php
    [message_no_data] => No hay información para mostrar
    [message_cli_loaded] => Forzado de carga desde WP CLI
    [message_endpoint_loaded] => Información cargada desde el punto de acceso.
    [message_cache_loaded] => Información cargada desde Cache.
    [message_limit_loaded] => No puedes recargar la información desde el punto de accesso hasta que el límite de tiempo se haya alcanzado. Información cargada del cache.
)
[ 13-Dec-2019 12:10:28 AM ] - Array
(
    [ajax_url] => http://wp.devel/wp-admin/admin-ajax.php
    [message_no_data] => No hay información para mostrar
    [message_cli_loaded] => Forzado de carga desde WP CLI
    [message_endpoint_loaded] => Información cargada desde el punto de acceso.
    [message_cache_loaded] => Información cargada desde Cache.
    [message_limit_loaded] => No puedes recargar la información desde el punto de accesso hasta que el límite de tiempo se haya alcanzado. Información cargada del cache.
)
[ 13-Dec-2019 12:10:28 AM ] - Array
(
    [ajax_url] => http://wp.devel/wp-admin/admin-ajax.php
    [message_no_data] => No hay información para mostrar
    [message_cli_loaded] => Forzado de carga desde WP CLI
    [message_endpoint_loaded] => Información cargada desde el punto de acceso.
    [message_cache_loaded] => Información cargada desde Cache.
    [message_limit_loaded] => No puedes recargar la información desde el punto de accesso hasta que el límite de tiempo se haya alcanzado. Información cargada del cache.
)
[ 13-Dec-2019 12:10:28 AM ] - Array
(
    [ajax_url] => http://wp.devel/wp-admin/admin-ajax.php
    [message_no_data] => No hay información para mostrar
    [message_cli_loaded] => Forzado de carga desde WP CLI
    [message_endpoint_loaded] => Información cargada desde el punto de acceso.
    [message_cache_loaded] => Información cargada desde Cache.
    [message_limit_loaded] => No puedes recargar la información desde el punto de accesso hasta que el límite de tiempo se haya alcanzado. Información cargada del cache.
)
[ 13-Dec-2019 12:10:28 AM ] - Array
(
    [ajax_url] => http://wp.devel/wp-admin/admin-ajax.php
    [message_no_data] => No hay información para mostrar
    [message_cli_loaded] => Forzado de carga desde WP CLI
    [message_endpoint_loaded] => Información cargada desde el punto de acceso.
    [message_cache_loaded] => Información cargada desde Cache.
    [message_limit_loaded] => No puedes recargar la información desde el punto de accesso hasta que el límite de tiempo se haya alcanzado. Información cargada del cache.
)
[ 13-Dec-2019 12:10:28 AM ] - Array
(
    [ajax_url] => http://wp.devel/wp-admin/admin-ajax.php
    [message_no_data] => No hay información para mostrar
    [message_cli_loaded] => Forzado de carga desde WP CLI
    [message_endpoint_loaded] => Información cargada desde el punto de acceso.
    [message_cache_loaded] => Información cargada desde Cache.
    [message_limit_loaded] => No puedes recargar la información desde el punto de accesso hasta que el límite de tiempo se haya alcanzado. Información cargada del cache.
)
[ 13-Dec-2019 12:10:28 AM ] - Array
(
    [ajax_url] => http://wp.devel/wp-admin/admin-ajax.php
    [message_no_data] => No hay información para mostrar
    [message_cli_loaded] => Forzado de carga desde WP CLI
    [message_endpoint_loaded] => Información cargada desde el punto de acceso.
    [message_cache_loaded] => Información cargada desde Cache.
    [message_limit_loaded] => No puedes recargar la información desde el punto de accesso hasta que el límite de tiempo se haya alcanzado. Información cargada del cache.
)
[ 13-Dec-2019 12:10:28 AM ] - Array
(
    [ajax_url] => http://wp.devel/wp-admin/admin-ajax.php
    [message_no_data] => No hay información para mostrar
    [message_cli_loaded] => Forzado de carga desde WP CLI
    [message_endpoint_loaded] => Información cargada desde el punto de acceso.
    [message_cache_loaded] => Información cargada desde Cache.
    [message_limit_loaded] => No puedes recargar la información desde el punto de accesso hasta que el límite de tiempo se haya alcanzado. Información cargada del cache.
)
[ 13-Dec-2019 12:10:28 AM ] - Array
(
    [ajax_url] => http://wp.devel/wp-admin/admin-ajax.php
    [message_no_data] => No hay información para mostrar
    [message_cli_loaded] => Forzado de carga desde WP CLI
    [message_endpoint_loaded] => Información cargada desde el punto de acceso.
    [message_cache_loaded] => Información cargada desde Cache.
    [message_limit_loaded] => No puedes recargar la información desde el punto de accesso hasta que el límite de tiempo se haya alcanzado. Información cargada del cache.
)
[ 13-Dec-2019 12:10:28 AM ] - Array
(
    [ajax_url] => http://wp.devel/wp-admin/admin-ajax.php
    [message_no_data] => No hay información para mostrar
    [message_cli_loaded] => Forzado de carga desde WP CLI
    [message_endpoint_loaded] => Información cargada desde el punto de acceso.
    [message_cache_loaded] => Información cargada desde Cache.
    [message_limit_loaded] => No puedes recargar la información desde el punto de accesso hasta que el límite de tiempo se haya alcanzado. Información cargada del cache.
)
[ 13-Dec-2019 12:10:28 AM ] - Array
(
    [ajax_url] => http://wp.devel/wp-admin/admin-ajax.php
    [message_no_data] => No hay información para mostrar
    [message_cli_loaded] => Forzado de carga desde WP CLI
    [message_endpoint_loaded] => Información cargada desde el punto de acceso.
    [message_cache_loaded] => Información cargada desde Cache.
    [message_limit_loaded] => No puedes recargar la información desde el punto de accesso hasta que el límite de tiempo se haya alcanzado. Información cargada del cache.
)
[ 13-Dec-2019 12:10:28 AM ] - Array
(
    [ajax_url] => http://wp.devel/wp-admin/admin-ajax.php
    [message_no_data] => No hay información para mostrar
    [message_cli_loaded] => Forzado de carga desde WP CLI
    [message_endpoint_loaded] => Información cargada desde el punto de acceso.
    [message_cache_loaded] => Información cargada desde Cache.
    [message_limit_loaded] => No puedes recargar la información desde el punto de accesso hasta que el límite de tiempo se haya alcanzado. Información cargada del cache.
)
[ 13-Dec-2019 12:10:28 AM ] - Array
(
    [ajax_url] => http://wp.devel/wp-admin/admin-ajax.php
    [message_no_data] => No hay información para mostrar
    [message_cli_loaded] => Forzado de carga desde WP CLI
    [message_endpoint_loaded] => Información cargada desde el punto de acceso.
    [message_cache_loaded] => Información cargada desde Cache.
    [message_limit_loaded] => No puedes recargar la información desde el punto de accesso hasta que el límite de tiempo se haya alcanzado. Información cargada del cache.
)
[ 13-Dec-2019 12:10:28 AM ] - Array
(
    [ajax_url] => http://wp.devel/wp-admin/admin-ajax.php
    [message_no_data] => No hay información para mostrar
    [message_cli_loaded] => Forzado de carga desde WP CLI
    [message_endpoint_loaded] => Información cargada desde el punto de acceso.
    [message_cache_loaded] => Información cargada desde Cache.
    [message_limit_loaded] => No puedes recargar la información desde el punto de accesso hasta que el límite de tiempo se haya alcanzado. Información cargada del cache.
)
[ 13-Dec-2019 12:10:28 AM ] - Array
(
    [ajax_url] => http://wp.devel/wp-admin/admin-ajax.php
    [message_no_data] => No hay información para mostrar
    [message_cli_loaded] => Forzado de carga desde WP CLI
    [message_endpoint_loaded] => Información cargada desde el punto de acceso.
    [message_cache_loaded] => Información cargada desde Cache.
    [message_limit_loaded] => No puedes recargar la información desde el punto de accesso hasta que el límite de tiempo se haya alcanzado. Información cargada del cache.
)
[ 13-Dec-2019 12:10:28 AM ] - Array
(
    [ajax_url] => http://wp.devel/wp-admin/admin-ajax.php
    [message_no_data] => No hay información para mostrar
    [message_cli_loaded] => Forzado de carga desde WP CLI
    [message_endpoint_loaded] => Información cargada desde el punto de acceso.
    [message_cache_loaded] => Información cargada desde Cache.
    [message_limit_loaded] => No puedes recargar la información desde el punto de accesso hasta que el límite de tiempo se haya alcanzado. Información cargada del cache.
)
[ 13-Dec-2019 12:10:28 AM ] - Array
(
    [ajax_url] => http://wp.devel/wp-admin/admin-ajax.php
    [message_no_data] => No hay información para mostrar
    [message_cli_loaded] => Forzado de carga desde WP CLI
    [message_endpoint_loaded] => Información cargada desde el punto de acceso.
    [message_cache_loaded] => Información cargada desde Cache.
    [message_limit_loaded] => No puedes recargar la información desde el punto de accesso hasta que el límite de tiempo se haya alcanzado. Información cargada del cache.
)
[ 13-Dec-2019 12:10:29 AM ] - Array
(
    [ajax_url] => http://wp.devel/wp-admin/admin-ajax.php
    [message_no_data] => No hay información para mostrar
    [message_cli_loaded] => Forzado de carga desde WP CLI
    [message_endpoint_loaded] => Información cargada desde el punto de acceso.
    [message_cache_loaded] => Información cargada desde Cache.
    [message_limit_loaded] => No puedes recargar la información desde el punto de accesso hasta que el límite de tiempo se haya alcanzado. Información cargada del cache.
)
[ 13-Dec-2019 12:10:29 AM ] - Array
(
    [ajax_url] => http://wp.devel/wp-admin/admin-ajax.php
    [message_no_data] => No hay información para mostrar
    [message_cli_loaded] => Forzado de carga desde WP CLI
    [message_endpoint_loaded] => Información cargada desde el punto de acceso.
    [message_cache_loaded] => Información cargada desde Cache.
    [message_limit_loaded] => No puedes recargar la información desde el punto de accesso hasta que el límite de tiempo se haya alcanzado. Información cargada del cache.
)
[ 13-Dec-2019 12:10:29 AM ] - Array
(
    [ajax_url] => http://wp.devel/wp-admin/admin-ajax.php
    [message_no_data] => No hay información para mostrar
    [message_cli_loaded] => Forzado de carga desde WP CLI
    [message_endpoint_loaded] => Información cargada desde el punto de acceso.
    [message_cache_loaded] => Información cargada desde Cache.
    [message_limit_loaded] => No puedes recargar la información desde el punto de accesso hasta que el límite de tiempo se haya alcanzado. Información cargada del cache.
)
[ 13-Dec-2019 12:10:29 AM ] - Array
(
    [ajax_url] => http://wp.devel/wp-admin/admin-ajax.php
    [message_no_data] => No hay información para mostrar
    [message_cli_loaded] => Forzado de carga desde WP CLI
    [message_endpoint_loaded] => Información cargada desde el punto de acceso.
    [message_cache_loaded] => Información cargada desde Cache.
    [message_limit_loaded] => No puedes recargar la información desde el punto de accesso hasta que el límite de tiempo se haya alcanzado. Información cargada del cache.
)
[ 13-Dec-2019 12:10:29 AM ] - Array
(
    [ajax_url] => http://wp.devel/wp-admin/admin-ajax.php
    [message_no_data] => No hay información para mostrar
    [message_cli_loaded] => Forzado de carga desde WP CLI
    [message_endpoint_loaded] => Información cargada desde el punto de acceso.
    [message_cache_loaded] => Información cargada desde Cache.
    [message_limit_loaded] => No puedes recargar la información desde el punto de accesso hasta que el límite de tiempo se haya alcanzado. Información cargada del cache.
)
[ 13-Dec-2019 12:10:29 AM ] - Array
(
    [ajax_url] => http://wp.devel/wp-admin/admin-ajax.php
    [message_no_data] => No hay información para mostrar
    [message_cli_loaded] => Forzado de carga desde WP CLI
    [message_endpoint_loaded] => Información cargada desde el punto de acceso.
    [message_cache_loaded] => Información cargada desde Cache.
    [message_limit_loaded] => No puedes recargar la información desde el punto de accesso hasta que el límite de tiempo se haya alcanzado. Información cargada del cache.
)
[ 13-Dec-2019 12:10:29 AM ] - Array
(
    [ajax_url] => http://wp.devel/wp-admin/admin-ajax.php
    [message_no_data] => No hay información para mostrar
    [message_cli_loaded] => Forzado de carga desde WP CLI
    [message_endpoint_loaded] => Información cargada desde el punto de acceso.
    [message_cache_loaded] => Información cargada desde Cache.
    [message_limit_loaded] => No puedes recargar la información desde el punto de accesso hasta que el límite de tiempo se haya alcanzado. Información cargada del cache.
)
[ 13-Dec-2019 12:10:29 AM ] - Array
(
    [ajax_url] => http://wp.devel/wp-admin/admin-ajax.php
    [message_no_data] => No hay información para mostrar
    [message_cli_loaded] => Forzado de carga desde WP CLI
    [message_endpoint_loaded] => Información cargada desde el punto de acceso.
    [message_cache_loaded] => Información cargada desde Cache.
    [message_limit_loaded] => No puedes recargar la información desde el punto de accesso hasta que el límite de tiempo se haya alcanzado. Información cargada del cache.
)
[ 13-Dec-2019 12:10:29 AM ] - Array
(
    [ajax_url] => http://wp.devel/wp-admin/admin-ajax.php
    [message_no_data] => No hay información para mostrar
    [message_cli_loaded] => Forzado de carga desde WP CLI
    [message_endpoint_loaded] => Información cargada desde el punto de acceso.
    [message_cache_loaded] => Información cargada desde Cache.
    [message_limit_loaded] => No puedes recargar la información desde el punto de accesso hasta que el límite de tiempo se haya alcanzado. Información cargada del cache.
)
[ 13-Dec-2019 12:10:29 AM ] - Array
(
    [ajax_url] => http://wp.devel/wp-admin/admin-ajax.php
    [message_no_data] => No hay información para mostrar
    [message_cli_loaded] => Forzado de carga desde WP CLI
    [message_endpoint_loaded] => Información cargada desde el punto de acceso.
    [message_cache_loaded] => Información cargada desde Cache.
    [message_limit_loaded] => No puedes recargar la información desde el punto de accesso hasta que el límite de tiempo se haya alcanzado. Información cargada del cache.
)
[ 13-Dec-2019 12:10:29 AM ] - Array
(
    [ajax_url] => http://wp.devel/wp-admin/admin-ajax.php
    [message_no_data] => No hay información para mostrar
    [message_cli_loaded] => Forzado de carga desde WP CLI
    [message_endpoint_loaded] => Información cargada desde el punto de acceso.
    [message_cache_loaded] => Información cargada desde Cache.
    [message_limit_loaded] => No puedes recargar la información desde el punto de accesso hasta que el límite de tiempo se haya alcanzado. Información cargada del cache.
)
[ 13-Dec-2019 12:10:29 AM ] - Array
(
    [ajax_url] => http://wp.devel/wp-admin/admin-ajax.php
    [message_no_data] => No hay información para mostrar
    [message_cli_loaded] => Forzado de carga desde WP CLI
    [message_endpoint_loaded] => Información cargada desde el punto de acceso.
    [message_cache_loaded] => Información cargada desde Cache.
    [message_limit_loaded] => No puedes recargar la información desde el punto de accesso hasta que el límite de tiempo se haya alcanzado. Información cargada del cache.
)
[ 13-Dec-2019 12:10:29 AM ] - Array
(
    [ajax_url] => http://wp.devel/wp-admin/admin-ajax.php
    [message_no_data] => No hay información para mostrar
    [message_cli_loaded] => Forzado de carga desde WP CLI
    [message_endpoint_loaded] => Información cargada desde el punto de acceso.
    [message_cache_loaded] => Información cargada desde Cache.
    [message_limit_loaded] => No puedes recargar la información desde el punto de accesso hasta que el límite de tiempo se haya alcanzado. Información cargada del cache.
)
[ 13-Dec-2019 12:10:29 AM ] - Array
(
    [ajax_url] => http://wp.devel/wp-admin/admin-ajax.php
    [message_no_data] => No hay información para mostrar
    [message_cli_loaded] => Forzado de carga desde WP CLI
    [message_endpoint_loaded] => Información cargada desde el punto de acceso.
    [message_cache_loaded] => Información cargada desde Cache.
    [message_limit_loaded] => No puedes recargar la información desde el punto de accesso hasta que el límite de tiempo se haya alcanzado. Información cargada del cache.
)
[ 13-Dec-2019 12:10:30 AM ] - Array
(
    [ajax_url] => http://wp.devel/wp-admin/admin-ajax.php
    [message_no_data] => No hay información para mostrar
    [message_cli_loaded] => Forzado de carga desde WP CLI
    [message_endpoint_loaded] => Información cargada desde el punto de acceso.
    [message_cache_loaded] => Información cargada desde Cache.
    [message_limit_loaded] => No puedes recargar la información desde el punto de accesso hasta que el límite de tiempo se haya alcanzado. Información cargada del cache.
)
[ 13-Dec-2019 12:10:30 AM ] - Array
(
    [ajax_url] => http://wp.devel/wp-admin/admin-ajax.php
    [message_no_data] => No hay información para mostrar
    [message_cli_loaded] => Forzado de carga desde WP CLI
    [message_endpoint_loaded] => Información cargada desde el punto de acceso.
    [message_cache_loaded] => Información cargada desde Cache.
    [message_limit_loaded] => No puedes recargar la información desde el punto de accesso hasta que el límite de tiempo se haya alcanzado. Información cargada del cache.
)
[ 13-Dec-2019 12:10:39 AM ] - Array
(
    [ajax_url] => http://wp.devel/wp-admin/admin-ajax.php
    [message_no_data] => No data to show
    [message_cli_loaded] => Data force loaded from WP CLI.
    [message_endpoint_loaded] => Data loaded from endpoint.
    [message_cache_loaded] => Data loaded from cached.
    [message_limit_loaded] => You can't make a request to the endpoint until the time limit is reached, information loaded from cached.
)
[ 13-Dec-2019 12:10:39 AM ] - Array
(
    [ajax_url] => http://wp.devel/wp-admin/admin-ajax.php
    [message_no_data] => No data to show
    [message_cli_loaded] => Data force loaded from WP CLI.
    [message_endpoint_loaded] => Data loaded from endpoint.
    [message_cache_loaded] => Data loaded from cached.
    [message_limit_loaded] => You can't make a request to the endpoint until the time limit is reached, information loaded from cached.
)
[ 13-Dec-2019 12:10:40 AM ] - Array
(
    [ajax_url] => http://wp.devel/wp-admin/admin-ajax.php
    [message_no_data] => No hay información para mostrar
    [message_cli_loaded] => Forzado de carga desde WP CLI
    [message_endpoint_loaded] => Información cargada desde el punto de acceso.
    [message_cache_loaded] => Información cargada desde Cache.
    [message_limit_loaded] => No puedes recargar la información desde el punto de accesso hasta que el límite de tiempo se haya alcanzado. Información cargada del cache.
)
[ 13-Dec-2019 12:10:51 AM ] - Array
(
    [ajax_url] => http://wp.devel/wp-admin/admin-ajax.php
    [message_no_data] => No data to show
    [message_cli_loaded] => Data force loaded from WP CLI.
    [message_endpoint_loaded] => Data loaded from endpoint.
    [message_cache_loaded] => Data loaded from cached.
    [message_limit_loaded] => You can't make a request to the endpoint until the time limit is reached, information loaded from cached.
)
[ 13-Dec-2019 12:10:52 AM ] - Array
(
    [ajax_url] => http://wp.devel/wp-admin/admin-ajax.php
    [message_no_data] => No data to show
    [message_cli_loaded] => Data force loaded from WP CLI.
    [message_endpoint_loaded] => Data loaded from endpoint.
    [message_cache_loaded] => Data loaded from cached.
    [message_limit_loaded] => You can't make a request to the endpoint until the time limit is reached, information loaded from cached.
)
[ 13-Dec-2019 12:10:52 AM ] - Array
(
    [ajax_url] => http://wp.devel/wp-admin/admin-ajax.php
    [message_no_data] => No hay información para mostrar
    [message_cli_loaded] => Forzado de carga desde WP CLI
    [message_endpoint_loaded] => Información cargada desde el punto de acceso.
    [message_cache_loaded] => Información cargada desde Cache.
    [message_limit_loaded] => No puedes recargar la información desde el punto de accesso hasta que el límite de tiempo se haya alcanzado. Información cargada del cache.
)
[ 13-Dec-2019 12:11:30 AM ] - Array
(
    [ajax_url] => http://wp.devel/wp-admin/admin-ajax.php
    [message_no_data] => No hay información para mostrar
    [message_cli_loaded] => Forzado de carga desde WP CLI
    [message_endpoint_loaded] => Información cargada desde el punto de acceso.
    [message_cache_loaded] => Información cargada desde Cache.
    [message_limit_loaded] => No puedes recargar la información desde el punto de accesso hasta que el límite de tiempo se haya alcanzado. Información cargada del cache.
)
[ 13-Dec-2019 12:12:46 AM ] - Array
(
    [ajax_url] => http://wp.devel/wp-admin/admin-ajax.php
    [message_no_data] => No data to show
    [message_cli_loaded] => Data force loaded from WP CLI.
    [message_endpoint_loaded] => Data loaded from endpoint.
    [message_cache_loaded] => Data loaded from cached.
    [message_limit_loaded] => You can't make a request to the endpoint until the time limit is reached, information loaded from cached.
)
[ 13-Dec-2019 12:12:53 AM ] - Array
(
    [ajax_url] => http://wp.devel/wp-admin/admin-ajax.php
    [message_no_data] => No data to show
    [message_cli_loaded] => Data force loaded from WP CLI.
    [message_endpoint_loaded] => Data loaded from endpoint.
    [message_cache_loaded] => Data loaded from cached.
    [message_limit_loaded] => You can't make a request to the endpoint until the time limit is reached, information loaded from cached.
)
[ 13-Dec-2019 12:13:23 AM ] - Array
(
    [ajax_url] => http://wp.devel/wp-admin/admin-ajax.php
    [message_no_data] => No data to show
    [message_cli_loaded] => Data force loaded from WP CLI.
    [message_endpoint_loaded] => Data loaded from endpoint.
    [message_cache_loaded] => Data loaded from cached.
    [message_limit_loaded] => You can't make a request to the endpoint until the time limit is reached, information loaded from cached.
)
[ 13-Dec-2019 12:13:23 AM ] - Array
(
    [ajax_url] => http://wp.devel/wp-admin/admin-ajax.php
    [message_no_data] => No data to show
    [message_cli_loaded] => Data force loaded from WP CLI.
    [message_endpoint_loaded] => Data loaded from endpoint.
    [message_cache_loaded] => Data loaded from cached.
    [message_limit_loaded] => You can't make a request to the endpoint until the time limit is reached, information loaded from cached.
)
[ 13-Dec-2019 12:13:23 AM ] - Array
(
    [ajax_url] => http://wp.devel/wp-admin/admin-ajax.php
    [message_no_data] => No data to show
    [message_cli_loaded] => Data force loaded from WP CLI.
    [message_endpoint_loaded] => Data loaded from endpoint.
    [message_cache_loaded] => Data loaded from cached.
    [message_limit_loaded] => You can't make a request to the endpoint until the time limit is reached, information loaded from cached.
)
[ 13-Dec-2019 12:13:30 AM ] - Array
(
    [ajax_url] => http://wp.devel/wp-admin/admin-ajax.php
    [message_no_data] => No data to show
    [message_cli_loaded] => Data force loaded from WP CLI.
    [message_endpoint_loaded] => Data loaded from endpoint.
    [message_cache_loaded] => Data loaded from cached.
    [message_limit_loaded] => You can't make a request to the endpoint until the time limit is reached, information loaded from cached.
)
[ 13-Dec-2019 12:13:31 AM ] - Array
(
    [ajax_url] => http://wp.devel/wp-admin/admin-ajax.php
    [message_no_data] => No data to show
    [message_cli_loaded] => Data force loaded from WP CLI.
    [message_endpoint_loaded] => Data loaded from endpoint.
    [message_cache_loaded] => Data loaded from cached.
    [message_limit_loaded] => You can't make a request to the endpoint until the time limit is reached, information loaded from cached.
)
[ 13-Dec-2019 12:13:31 AM ] - Array
(
    [ajax_url] => http://wp.devel/wp-admin/admin-ajax.php
    [message_no_data] => No data to show
    [message_cli_loaded] => Data force loaded from WP CLI.
    [message_endpoint_loaded] => Data loaded from endpoint.
    [message_cache_loaded] => Data loaded from cached.
    [message_limit_loaded] => You can't make a request to the endpoint until the time limit is reached, information loaded from cached.
)
[ 13-Dec-2019 12:14:31 AM ] - Array
(
    [ajax_url] => http://wp.devel/wp-admin/admin-ajax.php
    [message_no_data] => No data to show
    [message_cli_loaded] => Data force loaded from WP CLI.
    [message_endpoint_loaded] => Data loaded from endpoint.
    [message_cache_loaded] => Data loaded from cached.
    [message_limit_loaded] => You can't make a request to the endpoint until the time limit is reached, information loaded from cached.
)
[ 13-Dec-2019 12:15:19 AM ] - Array
(
    [ajax_url] => http://wp.devel/wp-admin/admin-ajax.php
    [message_no_data] => No data to show
    [message_cli_loaded] => Data force loaded from WP CLI.
    [message_endpoint_loaded] => Data loaded from endpoint.
    [message_cache_loaded] => Data loaded from cached.
    [message_limit_loaded] => You can't make a request to the endpoint until the time limit is reached, information loaded from cached.
)
[ 13-Dec-2019 12:15:19 AM ] - Array
(
    [ajax_url] => http://wp.devel/wp-admin/admin-ajax.php
    [message_no_data] => No data to show
    [message_cli_loaded] => Data force loaded from WP CLI.
    [message_endpoint_loaded] => Data loaded from endpoint.
    [message_cache_loaded] => Data loaded from cached.
    [message_limit_loaded] => You can't make a request to the endpoint until the time limit is reached, information loaded from cached.
)
[ 13-Dec-2019 12:15:19 AM ] - Array
(
    [ajax_url] => http://wp.devel/wp-admin/admin-ajax.php
    [message_no_data] => No data to show
    [message_cli_loaded] => Data force loaded from WP CLI.
    [message_endpoint_loaded] => Data loaded from endpoint.
    [message_cache_loaded] => Data loaded from cached.
    [message_limit_loaded] => You can't make a request to the endpoint until the time limit is reached, information loaded from cached.
)
[ 13-Dec-2019 12:15:20 AM ] - Array
(
    [ajax_url] => http://wp.devel/wp-admin/admin-ajax.php
    [message_no_data] => No data to show
    [message_cli_loaded] => Data force loaded from WP CLI.
    [message_endpoint_loaded] => Data loaded from endpoint.
    [message_cache_loaded] => Data loaded from cached.
    [message_limit_loaded] => You can't make a request to the endpoint until the time limit is reached, information loaded from cached.
)
[ 13-Dec-2019 12:15:20 AM ] - Array
(
    [ajax_url] => http://wp.devel/wp-admin/admin-ajax.php
    [message_no_data] => No data to show
    [message_cli_loaded] => Data force loaded from WP CLI.
    [message_endpoint_loaded] => Data loaded from endpoint.
    [message_cache_loaded] => Data loaded from cached.
    [message_limit_loaded] => You can't make a request to the endpoint until the time limit is reached, information loaded from cached.
)
[ 13-Dec-2019 12:15:20 AM ] - Array
(
    [ajax_url] => http://wp.devel/wp-admin/admin-ajax.php
    [message_no_data] => No data to show
    [message_cli_loaded] => Data force loaded from WP CLI.
    [message_endpoint_loaded] => Data loaded from endpoint.
    [message_cache_loaded] => Data loaded from cached.
    [message_limit_loaded] => You can't make a request to the endpoint until the time limit is reached, information loaded from cached.
)
[ 13-Dec-2019 12:15:20 AM ] - Array
(
    [ajax_url] => http://wp.devel/wp-admin/admin-ajax.php
    [message_no_data] => No data to show
    [message_cli_loaded] => Data force loaded from WP CLI.
    [message_endpoint_loaded] => Data loaded from endpoint.
    [message_cache_loaded] => Data loaded from cached.
    [message_limit_loaded] => You can't make a request to the endpoint until the time limit is reached, information loaded from cached.
)
[ 13-Dec-2019 12:15:20 AM ] - Array
(
    [ajax_url] => http://wp.devel/wp-admin/admin-ajax.php
    [message_no_data] => No data to show
    [message_cli_loaded] => Data force loaded from WP CLI.
    [message_endpoint_loaded] => Data loaded from endpoint.
    [message_cache_loaded] => Data loaded from cached.
    [message_limit_loaded] => You can't make a request to the endpoint until the time limit is reached, information loaded from cached.
)
[ 13-Dec-2019 12:15:20 AM ] - Array
(
    [ajax_url] => http://wp.devel/wp-admin/admin-ajax.php
    [message_no_data] => No data to show
    [message_cli_loaded] => Data force loaded from WP CLI.
    [message_endpoint_loaded] => Data loaded from endpoint.
    [message_cache_loaded] => Data loaded from cached.
    [message_limit_loaded] => You can't make a request to the endpoint until the time limit is reached, information loaded from cached.
)
[ 13-Dec-2019 12:15:24 AM ] - Array
(
    [ajax_url] => http://wp.devel/wp-admin/admin-ajax.php
    [message_no_data] => No data to show
    [message_cli_loaded] => Data force loaded from WP CLI.
    [message_endpoint_loaded] => Data loaded from endpoint.
    [message_cache_loaded] => Data loaded from cached.
    [message_limit_loaded] => You can't make a request to the endpoint until the time limit is reached, information loaded from cached.
)
[ 13-Dec-2019 12:15:24 AM ] - Array
(
    [ajax_url] => http://wp.devel/wp-admin/admin-ajax.php
    [message_no_data] => No data to show
    [message_cli_loaded] => Data force loaded from WP CLI.
    [message_endpoint_loaded] => Data loaded from endpoint.
    [message_cache_loaded] => Data loaded from cached.
    [message_limit_loaded] => You can't make a request to the endpoint until the time limit is reached, information loaded from cached.
)
[ 13-Dec-2019 12:15:24 AM ] - Array
(
    [ajax_url] => http://wp.devel/wp-admin/admin-ajax.php
    [message_no_data] => No data to show
    [message_cli_loaded] => Data force loaded from WP CLI.
    [message_endpoint_loaded] => Data loaded from endpoint.
    [message_cache_loaded] => Data loaded from cached.
    [message_limit_loaded] => You can't make a request to the endpoint until the time limit is reached, information loaded from cached.
)
[ 13-Dec-2019 12:15:24 AM ] - Array
(
    [ajax_url] => http://wp.devel/wp-admin/admin-ajax.php
    [message_no_data] => No data to show
    [message_cli_loaded] => Data force loaded from WP CLI.
    [message_endpoint_loaded] => Data loaded from endpoint.
    [message_cache_loaded] => Data loaded from cached.
    [message_limit_loaded] => You can't make a request to the endpoint until the time limit is reached, information loaded from cached.
)
[ 13-Dec-2019 12:15:24 AM ] - Array
(
    [ajax_url] => http://wp.devel/wp-admin/admin-ajax.php
    [message_no_data] => No data to show
    [message_cli_loaded] => Data force loaded from WP CLI.
    [message_endpoint_loaded] => Data loaded from endpoint.
    [message_cache_loaded] => Data loaded from cached.
    [message_limit_loaded] => You can't make a request to the endpoint until the time limit is reached, information loaded from cached.
)
[ 13-Dec-2019 12:15:24 AM ] - Array
(
    [ajax_url] => http://wp.devel/wp-admin/admin-ajax.php
    [message_no_data] => No data to show
    [message_cli_loaded] => Data force loaded from WP CLI.
    [message_endpoint_loaded] => Data loaded from endpoint.
    [message_cache_loaded] => Data loaded from cached.
    [message_limit_loaded] => You can't make a request to the endpoint until the time limit is reached, information loaded from cached.
)
[ 13-Dec-2019 12:15:25 AM ] - Array
(
    [ajax_url] => http://wp.devel/wp-admin/admin-ajax.php
    [message_no_data] => No data to show
    [message_cli_loaded] => Data force loaded from WP CLI.
    [message_endpoint_loaded] => Data loaded from endpoint.
    [message_cache_loaded] => Data loaded from cached.
    [message_limit_loaded] => You can't make a request to the endpoint until the time limit is reached, information loaded from cached.
)
[ 13-Dec-2019 12:15:25 AM ] - Array
(
    [ajax_url] => http://wp.devel/wp-admin/admin-ajax.php
    [message_no_data] => No data to show
    [message_cli_loaded] => Data force loaded from WP CLI.
    [message_endpoint_loaded] => Data loaded from endpoint.
    [message_cache_loaded] => Data loaded from cached.
    [message_limit_loaded] => You can't make a request to the endpoint until the time limit is reached, information loaded from cached.
)
[ 13-Dec-2019 12:15:25 AM ] - Array
(
    [ajax_url] => http://wp.devel/wp-admin/admin-ajax.php
    [message_no_data] => No data to show
    [message_cli_loaded] => Data force loaded from WP CLI.
    [message_endpoint_loaded] => Data loaded from endpoint.
    [message_cache_loaded] => Data loaded from cached.
    [message_limit_loaded] => You can't make a request to the endpoint until the time limit is reached, information loaded from cached.
)
[ 13-Dec-2019 12:17:36 AM ] - Array
(
    [ajax_url] => http://wp.devel/wp-admin/admin-ajax.php
    [message_no_data] => No data to show
    [message_cli_loaded] => Data force loaded from WP CLI.
    [message_endpoint_loaded] => Data loaded from endpoint.
    [message_cache_loaded] => Data loaded from cached.
    [message_limit_loaded] => You can't make a request to the endpoint until the time limit is reached, information loaded from cached.
)
[ 13-Dec-2019 12:17:36 AM ] - Array
(
    [ajax_url] => http://wp.devel/wp-admin/admin-ajax.php
    [message_no_data] => No data to show
    [message_cli_loaded] => Data force loaded from WP CLI.
    [message_endpoint_loaded] => Data loaded from endpoint.
    [message_cache_loaded] => Data loaded from cached.
    [message_limit_loaded] => You can't make a request to the endpoint until the time limit is reached, information loaded from cached.
)
[ 13-Dec-2019 12:17:36 AM ] - Array
(
    [ajax_url] => http://wp.devel/wp-admin/admin-ajax.php
    [message_no_data] => No data to show
    [message_cli_loaded] => Data force loaded from WP CLI.
    [message_endpoint_loaded] => Data loaded from endpoint.
    [message_cache_loaded] => Data loaded from cached.
    [message_limit_loaded] => You can't make a request to the endpoint until the time limit is reached, information loaded from cached.
)
[ 13-Dec-2019 12:17:37 AM ] - Array
(
    [ajax_url] => http://wp.devel/wp-admin/admin-ajax.php
    [message_no_data] => No data to show
    [message_cli_loaded] => Data force loaded from WP CLI.
    [message_endpoint_loaded] => Data loaded from endpoint.
    [message_cache_loaded] => Data loaded from cached.
    [message_limit_loaded] => You can't make a request to the endpoint until the time limit is reached, information loaded from cached.
)
[ 13-Dec-2019 12:17:37 AM ] - Array
(
    [ajax_url] => http://wp.devel/wp-admin/admin-ajax.php
    [message_no_data] => No data to show
    [message_cli_loaded] => Data force loaded from WP CLI.
    [message_endpoint_loaded] => Data loaded from endpoint.
    [message_cache_loaded] => Data loaded from cached.
    [message_limit_loaded] => You can't make a request to the endpoint until the time limit is reached, information loaded from cached.
)
[ 13-Dec-2019 12:17:37 AM ] - Array
(
    [ajax_url] => http://wp.devel/wp-admin/admin-ajax.php
    [message_no_data] => No data to show
    [message_cli_loaded] => Data force loaded from WP CLI.
    [message_endpoint_loaded] => Data loaded from endpoint.
    [message_cache_loaded] => Data loaded from cached.
    [message_limit_loaded] => You can't make a request to the endpoint until the time limit is reached, information loaded from cached.
)
[ 13-Dec-2019 12:17:37 AM ] - Array
(
    [ajax_url] => http://wp.devel/wp-admin/admin-ajax.php
    [message_no_data] => No data to show
    [message_cli_loaded] => Data force loaded from WP CLI.
    [message_endpoint_loaded] => Data loaded from endpoint.
    [message_cache_loaded] => Data loaded from cached.
    [message_limit_loaded] => You can't make a request to the endpoint until the time limit is reached, information loaded from cached.
)
[ 13-Dec-2019 12:17:37 AM ] - Array
(
    [ajax_url] => http://wp.devel/wp-admin/admin-ajax.php
    [message_no_data] => No data to show
    [message_cli_loaded] => Data force loaded from WP CLI.
    [message_endpoint_loaded] => Data loaded from endpoint.
    [message_cache_loaded] => Data loaded from cached.
    [message_limit_loaded] => You can't make a request to the endpoint until the time limit is reached, information loaded from cached.
)
[ 13-Dec-2019 12:17:37 AM ] - Array
(
    [ajax_url] => http://wp.devel/wp-admin/admin-ajax.php
    [message_no_data] => No data to show
    [message_cli_loaded] => Data force loaded from WP CLI.
    [message_endpoint_loaded] => Data loaded from endpoint.
    [message_cache_loaded] => Data loaded from cached.
    [message_limit_loaded] => You can't make a request to the endpoint until the time limit is reached, information loaded from cached.
)
[ 13-Dec-2019 12:17:38 AM ] - Array
(
    [ajax_url] => http://wp.devel/wp-admin/admin-ajax.php
    [message_no_data] => No data to show
    [message_cli_loaded] => Data force loaded from WP CLI.
    [message_endpoint_loaded] => Data loaded from endpoint.
    [message_cache_loaded] => Data loaded from cached.
    [message_limit_loaded] => You can't make a request to the endpoint until the time limit is reached, information loaded from cached.
)
[ 13-Dec-2019 12:17:38 AM ] - Array
(
    [ajax_url] => http://wp.devel/wp-admin/admin-ajax.php
    [message_no_data] => No data to show
    [message_cli_loaded] => Data force loaded from WP CLI.
    [message_endpoint_loaded] => Data loaded from endpoint.
    [message_cache_loaded] => Data loaded from cached.
    [message_limit_loaded] => You can't make a request to the endpoint until the time limit is reached, information loaded from cached.
)
[ 13-Dec-2019 12:17:38 AM ] - Array
(
    [ajax_url] => http://wp.devel/wp-admin/admin-ajax.php
    [message_no_data] => No data to show
    [message_cli_loaded] => Data force loaded from WP CLI.
    [message_endpoint_loaded] => Data loaded from endpoint.
    [message_cache_loaded] => Data loaded from cached.
    [message_limit_loaded] => You can't make a request to the endpoint until the time limit is reached, information loaded from cached.
)
[ 13-Dec-2019 12:17:45 AM ] - Array
(
    [ajax_url] => http://wp.devel/wp-admin/admin-ajax.php
    [message_no_data] => No data to show
    [message_cli_loaded] => Data force loaded from WP CLI.
    [message_endpoint_loaded] => Data loaded from endpoint.
    [message_cache_loaded] => Data loaded from cached.
    [message_limit_loaded] => You can't make a request to the endpoint until the time limit is reached, information loaded from cached.
)
[ 13-Dec-2019 12:17:45 AM ] - Array
(
    [ajax_url] => http://wp.devel/wp-admin/admin-ajax.php
    [message_no_data] => No data to show
    [message_cli_loaded] => Data force loaded from WP CLI.
    [message_endpoint_loaded] => Data loaded from endpoint.
    [message_cache_loaded] => Data loaded from cached.
    [message_limit_loaded] => You can't make a request to the endpoint until the time limit is reached, information loaded from cached.
)
[ 13-Dec-2019 12:17:45 AM ] - Array
(
    [ajax_url] => http://wp.devel/wp-admin/admin-ajax.php
    [message_no_data] => No data to show
    [message_cli_loaded] => Data force loaded from WP CLI.
    [message_endpoint_loaded] => Data loaded from endpoint.
    [message_cache_loaded] => Data loaded from cached.
    [message_limit_loaded] => You can't make a request to the endpoint until the time limit is reached, information loaded from cached.
)
[ 13-Dec-2019 12:17:45 AM ] - Array
(
    [ajax_url] => http://wp.devel/wp-admin/admin-ajax.php
    [message_no_data] => No data to show
    [message_cli_loaded] => Data force loaded from WP CLI.
    [message_endpoint_loaded] => Data loaded from endpoint.
    [message_cache_loaded] => Data loaded from cached.
    [message_limit_loaded] => You can't make a request to the endpoint until the time limit is reached, information loaded from cached.
)
[ 13-Dec-2019 12:17:45 AM ] - Array
(
    [ajax_url] => http://wp.devel/wp-admin/admin-ajax.php
    [message_no_data] => No data to show
    [message_cli_loaded] => Data force loaded from WP CLI.
    [message_endpoint_loaded] => Data loaded from endpoint.
    [message_cache_loaded] => Data loaded from cached.
    [message_limit_loaded] => You can't make a request to the endpoint until the time limit is reached, information loaded from cached.
)
[ 13-Dec-2019 12:17:45 AM ] - Array
(
    [ajax_url] => http://wp.devel/wp-admin/admin-ajax.php
    [message_no_data] => No data to show
    [message_cli_loaded] => Data force loaded from WP CLI.
    [message_endpoint_loaded] => Data loaded from endpoint.
    [message_cache_loaded] => Data loaded from cached.
    [message_limit_loaded] => You can't make a request to the endpoint until the time limit is reached, information loaded from cached.
)
[ 13-Dec-2019 12:17:45 AM ] - Array
(
    [ajax_url] => http://wp.devel/wp-admin/admin-ajax.php
    [message_no_data] => No data to show
    [message_cli_loaded] => Data force loaded from WP CLI.
    [message_endpoint_loaded] => Data loaded from endpoint.
    [message_cache_loaded] => Data loaded from cached.
    [message_limit_loaded] => You can't make a request to the endpoint until the time limit is reached, information loaded from cached.
)
[ 13-Dec-2019 12:17:45 AM ] - Array
(
    [ajax_url] => http://wp.devel/wp-admin/admin-ajax.php
    [message_no_data] => No data to show
    [message_cli_loaded] => Data force loaded from WP CLI.
    [message_endpoint_loaded] => Data loaded from endpoint.
    [message_cache_loaded] => Data loaded from cached.
    [message_limit_loaded] => You can't make a request to the endpoint until the time limit is reached, information loaded from cached.
)
[ 13-Dec-2019 12:17:45 AM ] - Array
(
    [ajax_url] => http://wp.devel/wp-admin/admin-ajax.php
    [message_no_data] => No data to show
    [message_cli_loaded] => Data force loaded from WP CLI.
    [message_endpoint_loaded] => Data loaded from endpoint.
    [message_cache_loaded] => Data loaded from cached.
    [message_limit_loaded] => You can't make a request to the endpoint until the time limit is reached, information loaded from cached.
)
[ 13-Dec-2019 12:17:47 AM ] - Array
(
    [ajax_url] => http://wp.devel/wp-admin/admin-ajax.php
    [message_no_data] => No data to show
    [message_cli_loaded] => Data force loaded from WP CLI.
    [message_endpoint_loaded] => Data loaded from endpoint.
    [message_cache_loaded] => Data loaded from cached.
    [message_limit_loaded] => You can't make a request to the endpoint until the time limit is reached, information loaded from cached.
)
[ 13-Dec-2019 12:17:47 AM ] - Array
(
    [ajax_url] => http://wp.devel/wp-admin/admin-ajax.php
    [message_no_data] => No data to show
    [message_cli_loaded] => Data force loaded from WP CLI.
    [message_endpoint_loaded] => Data loaded from endpoint.
    [message_cache_loaded] => Data loaded from cached.
    [message_limit_loaded] => You can't make a request to the endpoint until the time limit is reached, information loaded from cached.
)
[ 13-Dec-2019 12:17:47 AM ] - Array
(
    [ajax_url] => http://wp.devel/wp-admin/admin-ajax.php
    [message_no_data] => No data to show
    [message_cli_loaded] => Data force loaded from WP CLI.
    [message_endpoint_loaded] => Data loaded from endpoint.
    [message_cache_loaded] => Data loaded from cached.
    [message_limit_loaded] => You can't make a request to the endpoint until the time limit is reached, information loaded from cached.
)
[ 13-Dec-2019 12:17:47 AM ] - Array
(
    [ajax_url] => http://wp.devel/wp-admin/admin-ajax.php
    [message_no_data] => No data to show
    [message_cli_loaded] => Data force loaded from WP CLI.
    [message_endpoint_loaded] => Data loaded from endpoint.
    [message_cache_loaded] => Data loaded from cached.
    [message_limit_loaded] => You can't make a request to the endpoint until the time limit is reached, information loaded from cached.
)
[ 13-Dec-2019 12:17:47 AM ] - Array
(
    [ajax_url] => http://wp.devel/wp-admin/admin-ajax.php
    [message_no_data] => No data to show
    [message_cli_loaded] => Data force loaded from WP CLI.
    [message_endpoint_loaded] => Data loaded from endpoint.
    [message_cache_loaded] => Data loaded from cached.
    [message_limit_loaded] => You can't make a request to the endpoint until the time limit is reached, information loaded from cached.
)
[ 13-Dec-2019 12:17:47 AM ] - Array
(
    [ajax_url] => http://wp.devel/wp-admin/admin-ajax.php
    [message_no_data] => No data to show
    [message_cli_loaded] => Data force loaded from WP CLI.
    [message_endpoint_loaded] => Data loaded from endpoint.
    [message_cache_loaded] => Data loaded from cached.
    [message_limit_loaded] => You can't make a request to the endpoint until the time limit is reached, information loaded from cached.
)
[ 13-Dec-2019 12:17:47 AM ] - Array
(
    [ajax_url] => http://wp.devel/wp-admin/admin-ajax.php
    [message_no_data] => No data to show
    [message_cli_loaded] => Data force loaded from WP CLI.
    [message_endpoint_loaded] => Data loaded from endpoint.
    [message_cache_loaded] => Data loaded from cached.
    [message_limit_loaded] => You can't make a request to the endpoint until the time limit is reached, information loaded from cached.
)
[ 13-Dec-2019 12:17:47 AM ] - Array
(
    [ajax_url] => http://wp.devel/wp-admin/admin-ajax.php
    [message_no_data] => No data to show
    [message_cli_loaded] => Data force loaded from WP CLI.
    [message_endpoint_loaded] => Data loaded from endpoint.
    [message_cache_loaded] => Data loaded from cached.
    [message_limit_loaded] => You can't make a request to the endpoint until the time limit is reached, information loaded from cached.
)
[ 13-Dec-2019 12:17:47 AM ] - Array
(
    [ajax_url] => http://wp.devel/wp-admin/admin-ajax.php
    [message_no_data] => No data to show
    [message_cli_loaded] => Data force loaded from WP CLI.
    [message_endpoint_loaded] => Data loaded from endpoint.
    [message_cache_loaded] => Data loaded from cached.
    [message_limit_loaded] => You can't make a request to the endpoint until the time limit is reached, information loaded from cached.
)
[ 13-Dec-2019 12:18:26 AM ] - Array
(
    [ajax_url] => http://wp.devel/wp-admin/admin-ajax.php
    [message_no_data] => No hay información para mostrar
    [message_cli_loaded] => Forzado de carga desde WP CLI
    [message_endpoint_loaded] => Información cargada desde el punto de acceso.
    [message_cache_loaded] => Información cargada desde Cache.
    [message_limit_loaded] => No puedes recargar la información desde el punto de accesso hasta que el límite de tiempo se haya alcanzado. Información cargada del cache.
)
[ 13-Dec-2019 12:22:59 AM ] - Array
(
    [ajax_url] => http://wp.devel/wp-admin/admin-ajax.php
    [message_no_data] => No hay información para mostrar
    [message_cli_loaded] => Forzado de carga desde WP CLI
    [message_endpoint_loaded] => Información cargada desde el punto de acceso.
    [message_cache_loaded] => Información cargada desde Cache.
    [message_limit_loaded] => No puedes recargar la información desde el punto de accesso hasta que el límite de tiempo se haya alcanzado. Información cargada del cache.
)
